20190423-185343: DBG: 3160 -  raspiBackupInstallUI.sh 0.4.1, 2019-04-11/22:01:08 - a4a9572
20190423-185343: DBG: 3161 -  whiptail version: whiptail (newt): 0.52.18
20190423-185343: DBG: 2980 -  -> uiInstall 
20190423-185343: DBG: 1215 -     -> parseConfig 
20190423-185343: DBG: 1228 -        CONFIG_BACKUPPATH=/backup
20190423-185343: DBG: 1228 -        CONFIG_KEEPBACKUPS=3
20190423-185343: DBG: 1228 -        CONFIG_BACKUPTYPE=dd
20190423-185343: DBG: 1228 -        CONFIG_ZIP_BACKUP=0
20190423-185343: DBG: 1228 -        CONFIG_STOPSERVICES=cups
20190423-185343: DBG: 1228 -        CONFIG_STARTSERVICES=cups
20190423-185343: DBG: 1228 -        CONFIG_EMAIL=peter@framp.de
20190423-185343: DBG: 1228 -        CONFIG_EMAIL_PARMS=
20190423-185343: DBG: 1228 -        CONFIG_MSG_LEVEL=0
20190423-185343: DBG: 1228 -        CONFIG_MAIL_PROGRAM=mail
20190423-185343: DBG: 1228 -        CONFIG_PARTITIONBASED_BACKUP=0
20190423-185343: DBG: 1228 -        CONFIG_LANGUAGE=DE
20190423-185343: DBG: 1231 -     <- parseConfig 
20190423-185343: DBG: 0767 -     -> isInternetAvailable 
MSG: RBI0057I: Teste Internetverbindung.
20190423-185344: DBG: 0775 -     <- isInternetAvailable 0
20190423-185345: DBG: 2911 -     -> downloadPropertiesFile_do 
20190423-185345: DBG: 2942 -        -> shouldRenewDownloadPropertiesFile 
20190423-185345: DBG: 2956 -           20190423 : 00000000
20190423-185345: DBG: 2965 -        <- shouldRenewDownloadPropertiesFile 0
20190423-185345: DBG: 2231 -        -> progressbar_do 
20190423-185345: DBG: 2922 -           -> downloadPropertiesFile_execute 
MSG: Versionsinformationen werden runtergeladen.
20190423-185346: DBG: 2930 -              Download of  successfull
20190423-185346: DBG: 2936 -           <- downloadPropertiesFile_execute 1
20190423-185348: DBG: 2269 -        <- progressbar_do 
20190423-185348: DBG: 2916 -     <- downloadPropertiesFile_do 
20190423-185348: DBG: 2878 -     -> parsePropertiesFile 
20190423-185348: DBG: 2886 -        Script properties: v: 0.6.4.2 i:  b: 0.6.4.3
20190423-185348: DBG: 2894 -        Installer properties: v: 0.4.1 i:  b: 
20190423-185348: DBG: 2896 -     <- parsePropertiesFile 
20190423-185348: DBG: 2901 -     -> parseCurrentVersions 
20190423-185348: DBG: 2904 -        Current script version: 0.6.4.2
20190423-185348: DBG: 2905 -        Current installer version: 0.4.1-beta
20190423-185348: DBG: 2906 -     <- parseCurrentVersions 
20190423-185348: DBG: 2311 -     -> isUpdatePossible 
20190423-185348: DBG: 2312 -        script: c:0.6.4.2 p:0.6.4.2
20190423-185348: DBG: 2819 -        -> isNewerVersion 0.6.4.2 0.6.4.2
20190423-185348: DBG: 2863 -        <- isNewerVersion isNewVersion 0.6.4.2 <-> 0.6.4.2 - RC: 1
20190423-185348: DBG: 2317 -        installer: c:0.4.1-beta p:0.4.1
20190423-185348: DBG: 2819 -        -> isNewerVersion 0.4.1-beta 0.4.1
20190423-185348: DBG: 2863 -        <- isNewerVersion isNewVersion 0.4.1-beta <-> 0.4.1 - RC: 1
20190423-185348: DBG: 2322 -     <- isUpdatePossible 1
20190423-185350: DBG: 3049 -     M1
20190423-185350: DBG: 2752 -     -> config_language_do DE
20190423-185352: DBG: 2783 -        Answer: en
20190423-185352: DBG: 2794 -     <- config_language_do EN
20190423-185352: DBG: 2586 -     -> config_update_do 
20190423-185352: DBG: 2231 -        -> progressbar_do 
20190423-185352: DBG: 1236 -           -> config_update_execute 
MSG: RBI0024I: Updating configuration in /usr/local/etc/raspiBackup.conf.
20190423-185352: DBG: 1240 -              Language: EN
20190423-185352: DBG: 1241 -              Mode: 0
20190423-185352: DBG: 1242 -              Type: dd
20190423-185352: DBG: 1243 -              Zip: 0
20190423-185352: DBG: 1244 -              Keep: 3
20190423-185352: DBG: 1245 -              Msglevel: 0
20190423-185352: DBG: 1246 -              Backuppath: /backup
20190423-185352: DBG: 1247 -              Stop: cups
20190423-185352: DBG: 1248 -              Start: cups
20190423-185352: DBG: 1249 -              eMail: peter@framp.de
20190423-185352: DBG: 1250 -              mailProgram: mail
20190423-185352: DBG: 1185 -              -> getStartStopCommands cups
20190423-185352: DBG: 1188 -                 Number of entries: 1
20190423-185352: DBG: 1193 -                 Processing cups
20190423-185352: DBG: 1208 -                 pline: systemctl stop cups
20190423-185352: DBG: 1209 -                 sline: systemctl start cups
20190423-185352: DBG: 1211 -              <- getStartStopCommands 
20190423-185352: DBG: 1273 -              pline: systemctl stop cups
20190423-185352: DBG: 1274 -              sline: systemctl start cups
20190423-185352: DBG: 1279 -           <- config_update_execute 
20190423-185354: DBG: 2269 -        <- progressbar_do 
20190423-185354: DBG: 2600 -     <- config_update_do 
20190423-185354: DBG: 1215 -     -> parseConfig 
20190423-185354: DBG: 1228 -        CONFIG_BACKUPPATH=/backup
20190423-185354: DBG: 1228 -        CONFIG_KEEPBACKUPS=3
20190423-185354: DBG: 1228 -        CONFIG_BACKUPTYPE=dd
20190423-185354: DBG: 1228 -        CONFIG_ZIP_BACKUP=0
20190423-185354: DBG: 1228 -        CONFIG_STOPSERVICES=cups
20190423-185354: DBG: 1228 -        CONFIG_STARTSERVICES=cups
20190423-185354: DBG: 1228 -        CONFIG_EMAIL=peter@framp.de
20190423-185354: DBG: 1228 -        CONFIG_EMAIL_PARMS=
20190423-185354: DBG: 1228 -        CONFIG_MSG_LEVEL=0
20190423-185354: DBG: 1228 -        CONFIG_MAIL_PROGRAM=mail
20190423-185354: DBG: 1228 -        CONFIG_PARTITIONBASED_BACKUP=0
20190423-185354: DBG: 1228 -        CONFIG_LANGUAGE=EN
20190423-185354: DBG: 1231 -     <- parseConfig 
20190423-185354: DBG: 2311 -     -> isUpdatePossible 
20190423-185354: DBG: 2312 -        script: c:0.6.4.2 p:0.6.4.2
20190423-185354: DBG: 2819 -        -> isNewerVersion 0.6.4.2 0.6.4.2
20190423-185354: DBG: 2863 -        <- isNewerVersion isNewVersion 0.6.4.2 <-> 0.6.4.2 - RC: 1
20190423-185354: DBG: 2317 -        installer: c:0.4.1-beta p:0.4.1
20190423-185354: DBG: 2819 -        -> isNewerVersion 0.4.1-beta 0.4.1
20190423-185354: DBG: 2863 -        <- isNewerVersion isNewVersion 0.4.1-beta <-> 0.4.1 - RC: 1
20190423-185354: DBG: 2322 -     <- isUpdatePossible 1
20190423-185408: DBG: 1473 -     -> do_finish 
20190423-185410: DBG: 1496 -     <- do_finish 
20190423-185410: DBG: 1518 -     -> cleanup 
20190423-185410: DBG: 1552 -     <- cleanup 
